<?xml version="1.0" encoding="UTF-8"?>
<testng-results ignored="0" total="5" passed="5" failed="0" skipped="0">
  <reporter-output>
  </reporter-output>
  <suite started-at="2023-05-31T14:29:57 EDT" name="Default suite" finished-at="2023-05-31T14:30:17 EDT" duration-ms="19451">
    <groups>
      <group name="cucumber">
        <method signature="AbstractTestNGCucumberTests.runScenario(io.cucumber.testng.PickleWrapper,io.cucumber.testng.FeatureWrapper)[pri:0, instance:com.saucedemo.testscripts.TestRunner@478190fc]" name="runScenario" class="io.cucumber.testng.AbstractTestNGCucumberTests"/>
      </group> <!-- cucumber -->
    </groups>
    <test started-at="2023-05-31T14:29:57 EDT" name="Default test" finished-at="2023-05-31T14:30:17 EDT" duration-ms="19451">
      <class name="com.saucedemo.testscripts.TestRunner">
        <test-method is-config="true" signature="setUpClass(org.testng.ITestContext)[pri:0, instance:com.saucedemo.testscripts.TestRunner@478190fc]" started-at="2023-05-31T14:29:57 EDT" name="setUpClass" finished-at="2023-05-31T14:29:58 EDT" duration-ms="653" status="PASS">
          <params>
            <param index="0">
              <value>
                <![CDATA[org.testng.TestRunner@11f23038]]>
              </value>
            </param>
          </params>
          <reporter-output>
          </reporter-output>
        </test-method> <!-- setUpClass -->
        <test-method signature="runScenario(io.cucumber.testng.PickleWrapper,io.cucumber.testng.FeatureWrapper)[pri:0, instance:com.saucedemo.testscripts.TestRunner@478190fc]" started-at="2023-05-31T14:29:58 EDT" name="runScenario" description="Runs Cucumber Scenarios" data-provider="scenarios" finished-at="2023-05-31T14:30:03 EDT" duration-ms="4862" status="PASS">
          <params>
            <param index="0">
              <value>
                <![CDATA["A user should be able to sort the products based on price from low to high and select the first one"]]>
              </value>
            </param>
            <param index="1">
              <value>
                <![CDATA["Optional[buy the cheapest product]"]]>
              </value>
            </param>
          </params>
          <reporter-output>
          </reporter-output>
        </test-method> <!-- runScenario -->
        <test-method signature="runScenario(io.cucumber.testng.PickleWrapper,io.cucumber.testng.FeatureWrapper)[pri:0, instance:com.saucedemo.testscripts.TestRunner@478190fc]" started-at="2023-05-31T14:30:03 EDT" name="runScenario" description="Runs Cucumber Scenarios" data-provider="scenarios" finished-at="2023-05-31T14:30:06 EDT" duration-ms="3279" status="PASS">
          <params>
            <param index="0">
              <value>
                <![CDATA["A user should be able to buy the first two products on Saucedemo successfully"]]>
              </value>
            </param>
            <param index="1">
              <value>
                <![CDATA["Optional[Buy the first two products from the list of products on Saucedemo]"]]>
              </value>
            </param>
          </params>
          <reporter-output>
          </reporter-output>
        </test-method> <!-- runScenario -->
        <test-method signature="runScenario(io.cucumber.testng.PickleWrapper,io.cucumber.testng.FeatureWrapper)[pri:0, instance:com.saucedemo.testscripts.TestRunner@478190fc]" started-at="2023-05-31T14:30:06 EDT" name="runScenario" description="Runs Cucumber Scenarios" data-provider="scenarios" finished-at="2023-05-31T14:30:10 EDT" duration-ms="3509" status="PASS">
          <params>
            <param index="0">
              <value>
                <![CDATA["A user should be able to add two products to the cart, delete one of them, and sort the products based on price from high to low to select the most expensive one."]]>
              </value>
            </param>
            <param index="1">
              <value>
                <![CDATA["Optional[Buy third and most expensive products]"]]>
              </value>
            </param>
          </params>
          <reporter-output>
          </reporter-output>
        </test-method> <!-- runScenario -->
        <test-method signature="runScenario(io.cucumber.testng.PickleWrapper,io.cucumber.testng.FeatureWrapper)[pri:0, instance:com.saucedemo.testscripts.TestRunner@478190fc]" started-at="2023-05-31T14:30:10 EDT" name="runScenario" description="Runs Cucumber Scenarios" data-provider="scenarios" finished-at="2023-05-31T14:30:12 EDT" duration-ms="2863" status="PASS">
          <params>
            <param index="0">
              <value>
                <![CDATA["a user must enter his last name before chekout"]]>
              </value>
            </param>
            <param index="1">
              <value>
                <![CDATA["Optional[Last name requirement]"]]>
              </value>
            </param>
          </params>
          <reporter-output>
          </reporter-output>
        </test-method> <!-- runScenario -->
        <test-method signature="runScenario(io.cucumber.testng.PickleWrapper,io.cucumber.testng.FeatureWrapper)[pri:0, instance:com.saucedemo.testscripts.TestRunner@478190fc]" started-at="2023-05-31T14:30:12 EDT" name="runScenario" description="Runs Cucumber Scenarios" data-provider="scenarios" finished-at="2023-05-31T14:30:15 EDT" duration-ms="2333" status="PASS">
          <params>
            <param index="0">
              <value>
                <![CDATA["A locked out user should see an error message when trying to login"]]>
              </value>
            </param>
            <param index="1">
              <value>
                <![CDATA["Optional[Verify the error message generated for a locked out user]"]]>
              </value>
            </param>
          </params>
          <reporter-output>
          </reporter-output>
        </test-method> <!-- runScenario -->
        <test-method is-config="true" signature="tearDownClass()[pri:0, instance:com.saucedemo.testscripts.TestRunner@478190fc]" started-at="2023-05-31T14:30:15 EDT" name="tearDownClass" finished-at="2023-05-31T14:30:17 EDT" duration-ms="1900" status="PASS">
          <reporter-output>
          </reporter-output>
        </test-method> <!-- tearDownClass -->
      </class> <!-- com.saucedemo.testscripts.TestRunner -->
    </test> <!-- Default test -->
  </suite> <!-- Default suite -->
</testng-results>
